<?xml version="1.0" encoding="UTF-8"?>
<!-- Generated by org.testng.reporters.JUnitXMLReporter -->
<testsuite ignored="1" hostname="LAPTOP-G93O00BF" failures="0" tests="2" name="Default test" time="30.529" errors="0" timestamp="2022-06-22T18:54:52 IST">
  <testcase classname="Test.LoginPageTestNG" name="loginTest" time="1.217"/>
  <testcase classname="Test.LoginPageTestNG" name="loginTest" time="1.211"/>
  <testcase classname="Test.LoginPageTestNG" name="invalidLoginTest" time="0.0">
    <ignored/>
  </testcase> <!-- invalidLoginTest -->
</testsuite> <!-- Default test -->
