<?xml version="1.0" encoding="UTF-8"?>
<!-- Generated by org.testng.reporters.JUnitXMLReporter -->
<testsuite ignored="1" hostname="LAPTOP-G93O00BF" failures="0" tests="6" name="Test" time="21.221" errors="0" timestamp="2022-06-20T16:14:05 IST">
  <testcase classname="Test.LoginPageTestNG" name="loginTest" time="1.225"/>
  <testcase classname="Test.SignupPageTest" name="signUpTest" time="2.521"/>
  <testcase classname="Test.TestNGAnnotation" name="test3" time="0.0"/>
  <testcase classname="Test.TestNGAnnotation" name="test3" time="0.0"/>
  <testcase classname="Test.TestNGAnnotation" name="test2" time="0.002"/>
  <testcase classname="Test.TestNGAnnotation" name="test1" time="0.0"/>
  <testcase classname="Test.LoginPageTestNG" name="invalidLoginTest" time="0.0">
    <ignored/>
  </testcase> <!-- invalidLoginTest -->
</testsuite> <!-- Test -->
