<?xml version="1.0" encoding="UTF-8"?>
<!-- Generated by org.testng.reporters.JUnitXMLReporter -->
<testsuite ignored="2" hostname="LAPTOP-G93O00BF" failures="0" tests="2" name="Regression" time="0.081" errors="0" timestamp="2022-06-23T12:20:36 IST">
  <testcase classname="Test.TestNGAnnotation" name="test2" time="0.031"/>
  <testcase classname="Test.TestNGAnnotation" name="test2" time="0.002"/>
  <testcase classname="Test.TestNGAnnotation" name="test1" time="0.0">
    <ignored/>
  </testcase> <!-- test1 -->
  <testcase classname="Test.TestNGAnnotation" name="test3" time="0.0">
    <ignored/>
  </testcase> <!-- test3 -->
</testsuite> <!-- Regression -->
