<?xml version="1.0" encoding="UTF-8"?>
<!-- Generated by org.testng.reporters.JUnitXMLReporter -->
<testsuite ignored="0" hostname="LAPTOP-G93O00BF" failures="0" tests="4" name="Test" time="0.069" errors="0" timestamp="2022-06-21T18:19:05 IST">
  <testcase classname="Test.TestNGAnnotation" name="test3" time="0.007"/>
  <testcase classname="Test.TestNGAnnotation" name="test3" time="0.001"/>
  <testcase classname="Test.TestNGAnnotation" name="test2" time="0.005"/>
  <testcase classname="Test.TestNGAnnotation" name="test1" time="0.004"/>
</testsuite> <!-- Test -->
